[debug] [2019-08-21T14:58:06.117Z] ----------------------------------------------------------------------
[debug] [2019-08-21T14:58:06.123Z] Command:       /home/jairo/.nvm/versions/node/v12.6.0/bin/node /home/jairo/.nvm/versions/node/v12.6.0/bin/firebase deploy
[debug] [2019-08-21T14:58:06.123Z] CLI Version:   7.2.4
[debug] [2019-08-21T14:58:06.123Z] Platform:      linux
[debug] [2019-08-21T14:58:06.123Z] Node Version:  v12.6.0
[debug] [2019-08-21T14:58:06.195Z] Time:          Wed Aug 21 2019 16:58:06 GMT+0200 (Central European Summer Time)
[debug] [2019-08-21T14:58:06.195Z] ----------------------------------------------------------------------
[debug] 
[debug] [2019-08-21T14:58:06.259Z] > command requires scopes: ["email","openid","https://www.googleapis.com/auth/cloudplatformprojects.readonly","https://www.googleapis.com/auth/firebase","https://www.googleapis.com/auth/cloud-platform"]
[debug] [2019-08-21T14:58:06.260Z] > authorizing via signed-in user
[debug] [2019-08-21T14:58:06.260Z] [iam] checking project dreamhub-43ab6 for permissions ["firebase.projects.get","firebasehosting.sites.update"]
[debug] [2019-08-21T14:58:06.261Z] > refreshing access token with scopes: ["email","https://www.googleapis.com/auth/cloud-platform","https://www.googleapis.com/auth/cloudplatformprojects.readonly","https://www.googleapis.com/auth/firebase","openid"]
[debug] [2019-08-21T14:58:06.261Z] >>> HTTP REQUEST POST https://www.googleapis.com/oauth2/v3/token  
 <request body omitted>
[debug] [2019-08-21T14:58:06.628Z] <<< HTTP RESPONSE 200
[debug] [2019-08-21T14:58:06.709Z] >>> HTTP REQUEST POST https://cloudresourcemanager.googleapis.com/v1/projects/dreamhub-43ab6:testIamPermissions  

[debug] [2019-08-21T14:58:07.597Z] <<< HTTP RESPONSE 200
[debug] [2019-08-21T14:58:07.601Z] >>> HTTP REQUEST GET https://firebase.googleapis.com/v1beta1/projects/dreamhub-43ab6  
 
[debug] [2019-08-21T14:58:07.908Z] <<< HTTP RESPONSE 200
[info] 
[info] === Deploying to 'dreamhub-43ab6'...
[info] 
[info] i  deploying hosting
[debug] [2019-08-21T14:58:07.917Z] >>> HTTP REQUEST POST https://firebasehosting.googleapis.com/v1beta1/sites/dreamhub-43ab6/versions  

[debug] [2019-08-21T14:58:08.931Z] <<< HTTP RESPONSE 500
[debug] [2019-08-21T14:58:08.932Z] <<< HTTP RESPONSE BODY
[error] 
[error] Error: HTTP Error: 500, Internal error encountered.
[debug] [2019-08-21T14:58:09.057Z] Error Context: {
  "body": {
    "error": {
      "code": 500,
      "message": "Internal error encountered.",
      "status": "INTERNAL"
    }
  },
  "response": {
    "statusCode": 500,
    "body": {
      "error": {
        "code": 500,
        "message": "Internal error encountered.",
        "status": "INTERNAL"
      }
    },
    "headers": {
      "vary": "X-Origin, Referer, Origin,Accept-Encoding",
      "content-type": "application/json; charset=UTF-8",
      "date": "Wed, 21 Aug 2019 14:58:08 GMT",
      "server": "ESF",
      "cache-control": "private",
      "x-xss-protection": "0",
      "x-frame-options": "SAMEORIGIN",
      "x-content-type-options": "nosniff",
      "alt-svc": "quic=\":443\"; ma=2592000; v=\"46,43,39\"",
      "accept-ranges": "none",
      "transfer-encoding": "chunked"
    },
    "request": {
      "uri": {
        "protocol": "https:",
        "slashes": true,
        "auth": null,
        "host": "firebasehosting.googleapis.com",
        "port": 443,
        "hostname": "firebasehosting.googleapis.com",
        "hash": null,
        "search": null,
        "query": null,
        "pathname": "/v1beta1/sites/dreamhub-43ab6/versions",
        "path": "/v1beta1/sites/dreamhub-43ab6/versions",
        "href": "https://firebasehosting.googleapis.com/v1beta1/sites/dreamhub-43ab6/versions"
      },
      "method": "POST"
    }
  }
}
[debug] [2019-08-21T14:58:31.825Z] ----------------------------------------------------------------------
[debug] [2019-08-21T14:58:31.827Z] Command:       /home/jairo/.nvm/versions/node/v12.6.0/bin/node /home/jairo/.nvm/versions/node/v12.6.0/bin/firebase deploy
[debug] [2019-08-21T14:58:31.827Z] CLI Version:   7.2.4
[debug] [2019-08-21T14:58:31.827Z] Platform:      linux
[debug] [2019-08-21T14:58:31.827Z] Node Version:  v12.6.0
[debug] [2019-08-21T14:58:31.827Z] Time:          Wed Aug 21 2019 16:58:31 GMT+0200 (Central European Summer Time)
[debug] [2019-08-21T14:58:31.827Z] ----------------------------------------------------------------------
[debug] 
[debug] [2019-08-21T14:58:31.830Z] > command requires scopes: ["email","openid","https://www.googleapis.com/auth/cloudplatformprojects.readonly","https://www.googleapis.com/auth/firebase","https://www.googleapis.com/auth/cloud-platform"]
[debug] [2019-08-21T14:58:31.830Z] > authorizing via signed-in user
[debug] [2019-08-21T14:58:31.830Z] [iam] checking project dreamhub-43ab6 for permissions ["firebase.projects.get","firebasehosting.sites.update"]
[debug] [2019-08-21T14:58:31.831Z] >>> HTTP REQUEST POST https://cloudresourcemanager.googleapis.com/v1/projects/dreamhub-43ab6:testIamPermissions  

[debug] [2019-08-21T14:58:32.696Z] <<< HTTP RESPONSE 200
[debug] [2019-08-21T14:58:32.702Z] >>> HTTP REQUEST GET https://firebase.googleapis.com/v1beta1/projects/dreamhub-43ab6  
 
[debug] [2019-08-21T14:58:32.997Z] <<< HTTP RESPONSE 200
[info] 
[info] === Deploying to 'dreamhub-43ab6'...
[info] 
[info] i  deploying hosting
[debug] [2019-08-21T14:58:33.002Z] >>> HTTP REQUEST POST https://firebasehosting.googleapis.com/v1beta1/sites/dreamhub-43ab6/versions  

[debug] [2019-08-21T14:58:34.019Z] <<< HTTP RESPONSE 500
[debug] [2019-08-21T14:58:34.019Z] <<< HTTP RESPONSE BODY
[error] 
[error] Error: HTTP Error: 500, Internal error encountered.
[debug] [2019-08-21T14:58:34.110Z] Error Context: {
  "body": {
    "error": {
      "code": 500,
      "message": "Internal error encountered.",
      "status": "INTERNAL"
    }
  },
  "response": {
    "statusCode": 500,
    "body": {
      "error": {
        "code": 500,
        "message": "Internal error encountered.",
        "status": "INTERNAL"
      }
    },
    "headers": {
      "vary": "X-Origin, Referer, Origin,Accept-Encoding",
      "content-type": "application/json; charset=UTF-8",
      "date": "Wed, 21 Aug 2019 14:58:33 GMT",
      "server": "ESF",
      "cache-control": "private",
      "x-xss-protection": "0",
      "x-frame-options": "SAMEORIGIN",
      "x-content-type-options": "nosniff",
      "alt-svc": "quic=\":443\"; ma=2592000; v=\"46,43,39\"",
      "accept-ranges": "none",
      "transfer-encoding": "chunked"
    },
    "request": {
      "uri": {
        "protocol": "https:",
        "slashes": true,
        "auth": null,
        "host": "firebasehosting.googleapis.com",
        "port": 443,
        "hostname": "firebasehosting.googleapis.com",
        "hash": null,
        "search": null,
        "query": null,
        "pathname": "/v1beta1/sites/dreamhub-43ab6/versions",
        "path": "/v1beta1/sites/dreamhub-43ab6/versions",
        "href": "https://firebasehosting.googleapis.com/v1beta1/sites/dreamhub-43ab6/versions"
      },
      "method": "POST"
    }
  }
}
